<?xml version="1.0" encoding="UTF-8"?>
<coverage generated="1693565239265" clover="3.2.0">
  <project timestamp="1693565239265" name="All files">
    <metrics statements="47" coveredstatements="47" conditionals="21" coveredconditionals="21" methods="11" coveredmethods="11" elements="79" coveredelements="79" complexity="0" loc="47" ncloc="47" packages="1" files="4" classes="4"/>
    <file name="arraybuffer.js" path="D:\Нетологи js\homeworks advanced\hw9\src\js\arraybuffer.js">
      <metrics statements="9" coveredstatements="9" conditionals="2" coveredconditionals="2" methods="3" coveredmethods="3"/>
      <line num="4" count="3" type="stmt"/>
      <line num="8" count="2" type="stmt"/>
      <line num="12" count="2" type="cond" truecount="2" falsecount="0"/>
      <line num="13" count="1" type="stmt"/>
      <line num="16" count="1" type="stmt"/>
      <line num="17" count="1" type="stmt"/>
      <line num="19" count="1" type="stmt"/>
      <line num="20" count="53" type="stmt"/>
      <line num="23" count="1" type="stmt"/>
    </file>
    <file name="character.js" path="D:\Нетологи js\homeworks advanced\hw9\src\js\character.js">
      <metrics statements="32" coveredstatements="32" conditionals="17" coveredconditionals="17" methods="6" coveredmethods="6"/>
      <line num="4" count="16" type="cond" truecount="5" falsecount="0"/>
      <line num="5" count="1" type="stmt"/>
      <line num="8" count="15" type="stmt"/>
      <line num="9" count="15" type="cond" truecount="2" falsecount="0"/>
      <line num="10" count="1" type="stmt"/>
      <line num="13" count="14" type="stmt"/>
      <line num="14" count="14" type="stmt"/>
      <line num="15" count="14" type="stmt"/>
      <line num="16" count="14" type="stmt"/>
      <line num="17" count="14" type="stmt"/>
      <line num="18" count="14" type="stmt"/>
      <line num="19" count="14" type="stmt"/>
      <line num="20" count="14" type="stmt"/>
      <line num="24" count="3" type="stmt"/>
      <line num="28" count="1" type="stmt"/>
      <line num="32" count="2" type="cond" truecount="2" falsecount="0"/>
      <line num="33" count="1" type="stmt"/>
      <line num="35" count="1" type="stmt"/>
      <line num="36" count="1" type="stmt"/>
      <line num="37" count="1" type="stmt"/>
      <line num="38" count="1" type="stmt"/>
      <line num="42" count="2" type="cond" truecount="2" falsecount="0"/>
      <line num="43" count="1" type="stmt"/>
      <line num="45" count="1" type="stmt"/>
      <line num="49" count="4" type="cond" truecount="2" falsecount="0"/>
      <line num="50" count="1" type="stmt"/>
      <line num="52" count="3" type="cond" truecount="2" falsecount="0"/>
      <line num="53" count="2" type="stmt"/>
      <line num="54" count="2" type="cond" truecount="2" falsecount="0"/>
      <line num="55" count="1" type="stmt"/>
      <line num="57" count="1" type="stmt"/>
      <line num="60" count="1" type="stmt"/>
    </file>
    <file name="daemon.js" path="D:\Нетологи js\homeworks advanced\hw9\src\js\daemon.js">
      <metrics statements="3" coveredstatements="3" conditionals="1" coveredconditionals="1" methods="1" coveredmethods="1"/>
      <line num="5" count="1" type="stmt"/>
      <line num="6" count="1" type="stmt"/>
      <line num="7" count="1" type="stmt"/>
    </file>
    <file name="magician.js" path="D:\Нетологи js\homeworks advanced\hw9\src\js\magician.js">
      <metrics statements="3" coveredstatements="3" conditionals="1" coveredconditionals="1" methods="1" coveredmethods="1"/>
      <line num="5" count="1" type="stmt"/>
      <line num="6" count="1" type="stmt"/>
      <line num="7" count="1" type="stmt"/>
    </file>
  </project>
</coverage>
