TN:
SF:src\js\arraybuffer.js
FN:3,(anonymous_0)
FN:7,(anonymous_1)
FN:11,(anonymous_2)
FNF:3
FNH:3
FNDA:3,(anonymous_0)
FNDA:2,(anonymous_1)
FNDA:2,(anonymous_2)
DA:4,3
DA:8,2
DA:12,2
DA:13,1
DA:16,1
DA:17,1
DA:19,1
DA:20,53
DA:23,1
LF:9
LH:9
BRDA:12,0,0,1
BRDA:12,0,1,1
BRF:2
BRH:2
end_of_record
TN:
SF:src\js\character.js
FN:2,(anonymous_0)
FN:23,(anonymous_1)
FN:27,(anonymous_2)
FN:31,(anonymous_3)
FN:41,(anonymous_4)
FN:48,(anonymous_5)
FNF:6
FNH:6
FNDA:16,(anonymous_0)
FNDA:3,(anonymous_1)
FNDA:1,(anonymous_2)
FNDA:2,(anonymous_3)
FNDA:2,(anonymous_4)
FNDA:4,(anonymous_5)
DA:4,16
DA:5,1
DA:8,15
DA:9,15
DA:10,1
DA:13,14
DA:14,14
DA:15,14
DA:16,14
DA:17,14
DA:18,14
DA:19,14
DA:20,14
DA:24,3
DA:28,1
DA:32,2
DA:33,1
DA:35,1
DA:36,1
DA:37,1
DA:38,1
DA:42,2
DA:43,1
DA:45,1
DA:49,4
DA:50,1
DA:52,3
DA:53,2
DA:54,2
DA:55,1
DA:57,1
DA:60,1
LF:32
LH:32
BRDA:4,0,0,1
BRDA:4,0,1,15
BRDA:4,1,0,16
BRDA:4,1,1,16
BRDA:4,1,2,15
BRDA:9,2,0,1
BRDA:9,2,1,14
BRDA:32,3,0,1
BRDA:32,3,1,1
BRDA:42,4,0,1
BRDA:42,4,1,1
BRDA:49,5,0,1
BRDA:49,5,1,3
BRDA:52,6,0,2
BRDA:52,6,1,1
BRDA:54,7,0,1
BRDA:54,7,1,1
BRF:17
BRH:17
end_of_record
TN:
SF:src\js\daemon.js
FN:4,(anonymous_0)
FNF:1
FNH:1
FNDA:1,(anonymous_0)
DA:5,1
DA:6,1
DA:7,1
LF:3
LH:3
BRDA:4,0,0,1
BRF:1
BRH:1
end_of_record
TN:
SF:src\js\magician.js
FN:4,(anonymous_0)
FNF:1
FNH:1
FNDA:1,(anonymous_0)
DA:5,1
DA:6,1
DA:7,1
LF:3
LH:3
BRDA:4,0,0,1
BRF:1
BRH:1
end_of_record
